<?xml version="1.0" encoding="UTF-8"?>
<!-- Generated by org.testng.reporters.JUnitReportReporter -->
<testsuite hostname="DESKTOP-P3SKUTR" failures="0" tests="1" name="printlinksinthepage.Alertwithwait" time="10.984" errors="0" timestamp="2025-06-02T12:16:06 IST" skipped="0">
  <testcase classname="printlinksinthepage.Alertwithwait" name="boxes" time="10.984"/>
</testsuite> <!-- printlinksinthepage.Alertwithwait -->
