<?xml version="1.0" encoding="UTF-8"?>
<!-- Generated by org.testng.reporters.JUnitReportReporter -->
<testsuite hostname="DESKTOP-P3SKUTR" failures="0" tests="1" name="printlinksinthepage.amazon" time="8.283" errors="0" timestamp="2025-06-01T12:08:06 IST" skipped="0">
  <testcase classname="printlinksinthepage.amazon" name="amazonlinks" time="8.283"/>
</testsuite> <!-- printlinksinthepage.amazon -->
