<?xml version="1.0" encoding="UTF-8"?>
<!-- Generated by org.testng.reporters.JUnitReportReporter -->
<testsuite hostname="DESKTOP-P3SKUTR" failures="0" tests="1" name="com.smartcookie.registrationpage" time="50.050" errors="0" timestamp="2025-06-07T21:09:01 IST" skipped="0">
  <testcase classname="com.smartcookie.registrationpage" name="openurl" time="50.050"/>
</testsuite> <!-- com.smartcookie.registrationpage -->
