<?xml version="1.0" encoding="UTF-8"?>
<!-- Generated by org.testng.reporters.JUnitReportReporter -->
<testsuite hostname="DESKTOP-P3SKUTR" failures="0" tests="2" name="basicScript.fbselect" time="117.620" errors="0" timestamp="2025-06-19T21:01:47 IST" skipped="0">
  <testcase classname="basicScript.fbselect" name="fb" time="95.565"/>
  <testcase classname="basicScript.fbselect" name="alt" time="22.055"/>
</testsuite> <!-- basicScript.fbselect -->
