<?xml version="1.0" encoding="UTF-8"?>
<!-- Generated by org.testng.reporters.JUnitReportReporter -->
<testsuite hostname="DESKTOP-P3SKUTR" failures="0" tests="1" name="printlinksinthepage.alertboxestypes" time="15.611" errors="0" timestamp="2025-06-02T12:04:01 IST" skipped="0">
  <testcase classname="printlinksinthepage.alertboxestypes" name="boxes" time="15.611"/>
</testsuite> <!-- printlinksinthepage.alertboxestypes -->
