<?xml version="1.0" encoding="UTF-8"?>
<!-- Generated by org.testng.reporters.JUnitReportReporter -->
<testsuite hostname="DESKTOP-P3SKUTR" failures="0" tests="1" name="DynamicBrawser.dynamic" time="7.848" errors="0" timestamp="2025-05-31T12:05:36 IST" skipped="0">
  <testcase classname="DynamicBrawser.dynamic" name="dybrawser" time="7.848"/>
</testsuite> <!-- DynamicBrawser.dynamic -->
