<?xml version="1.0" encoding="UTF-8"?>
<!-- Generated by org.testng.reporters.JUnitReportReporter -->
<testsuite hostname="DESKTOP-P3SKUTR" failures="0" tests="1" name="printlinksinthepage.popup" time="29.578" errors="0" timestamp="2025-06-14T22:11:02 IST" skipped="0">
  <testcase classname="printlinksinthepage.popup" name="popup" time="29.578"/>
</testsuite> <!-- printlinksinthepage.popup -->
