<?xml version="1.0" encoding="UTF-8"?>
<!-- Generated by org.testng.reporters.JUnitReportReporter -->
<testsuite hostname="DESKTOP-P3SKUTR" failures="0" tests="1" name="printlinksinthepage.Alertboxes" time="16.118" errors="0" timestamp="2025-06-02T12:40:06 IST" skipped="0">
  <testcase classname="printlinksinthepage.Alertboxes" name="boxes" time="16.118"/>
</testsuite> <!-- printlinksinthepage.Alertboxes -->
