<?xml version="1.0" encoding="UTF-8"?>
<!-- Generated by org.testng.reporters.JUnitReportReporter -->
<testsuite hostname="DESKTOP-P3SKUTR" failures="0" tests="1" name="com.Practice.popup" time="222.685" errors="0" timestamp="2025-06-03T13:08:24 IST" skipped="0">
  <testcase classname="com.Practice.popup" name="popupok" time="222.685"/>
</testsuite> <!-- com.Practice.popup -->
