<?xml version="1.0" encoding="UTF-8"?>
<!-- Generated by org.testng.reporters.JUnitReportReporter -->
<testsuite hostname="DESKTOP-P3SKUTR" failures="0" tests="1" name="basicScript.popupalter" time="17.517" errors="0" timestamp="2025-06-12T20:11:58 IST" skipped="0">
  <testcase classname="basicScript.popupalter" name="alterpop" time="17.517"/>
</testsuite> <!-- basicScript.popupalter -->
