<?xml version="1.0" encoding="UTF-8"?>
<!-- Generated by org.testng.reporters.JUnitReportReporter -->
<testsuite hostname="DESKTOP-P3SKUTR" failures="0" tests="1" name="basicScript.dropdown" time="11.016" errors="0" timestamp="2025-06-12T19:55:55 IST" skipped="0">
  <testcase classname="basicScript.dropdown" name="log" time="11.016"/>
</testsuite> <!-- basicScript.dropdown -->
